<?xml version='1.0' encoding='UTF-8'?>
<testsuite hostname="Jareds-MBP.lan1" name="treeKata.treeTest" tests="1" errors="0" failures="0" skipped="0" time="0.029" timestamp="2021-12-11T17:23:36">
          <properties>
[...]
</properties>
          <testcase classname="treeKata.treeTest" name="Tree has one node with held Value greater then 0" time="0.029">
                      
                    </testcase>
          <system-out><![CDATA[]]></system-out>
          <system-err><![CDATA[]]></system-err>
        </testsuite>